<?xml version="1.0" encoding="UTF-8"?>
<testsuite name="crewmate.lib.TestClass" tests="1" skipped="0" failures="0" errors="0" timestamp="2024-05-07T20:29:33" hostname="DESKTOP-MODHOLM" time="0.016">
  <properties/>
  <testcase name="method()" classname="crewmate.lib.TestClass" time="0.016"/>
  <system-out><![CDATA[]]></system-out>
  <system-err><![CDATA[]]></system-err>
</testsuite>
